<?xml version="1.0" encoding="UTF-8" ?>
<testsuite tests="2" failures="1" name="com.automationpractise.ExecuteTest" time="73.345" errors="1" skipped="0">
  <properties>
[...]
</properties>
  <testcase classname="Online Shopping" name="Add two items and place an order" time="57.13">
    <error message="Unable to locate element: //a[@class=&apos;account&apos;]
For documentation on this error, please visit: https://www.seleniumhq.org/exceptions/no_such_element.html
Build info: version: &apos;3.141.59&apos;, revision: &apos;e82be7d358&apos;, time: &apos;2018-11-14T08:17:03&apos;
System info: host: &apos;LAPTOP-NBKR83UJ&apos;, ip: &apos;192.168.99.1&apos;, os.name: &apos;Windows 10&apos;, os.arch: &apos;amd64&apos;, os.version: &apos;10.0&apos;, java.version: &apos;1.8.0_191&apos;
Driver info: org.openqa.selenium.firefox.FirefoxDriver
Capabilities {acceptInsecureCerts: true, browserName: firefox, browserVersion: 69.0.2, javascriptEnabled: true, moz:accessibilityChecks: false, moz:buildID: 20191001234643, moz:geckodriverVersion: 0.25.0, moz:headless: false, moz:processID: 3888, moz:profile: C:\Users\prasad\AppData\Loc..., moz:shutdownTimeout: 60000, moz:useNonSpecCompliantPointerOrigin: false, moz:webdriverClick: true, pageLoadStrategy: normal, platform: WINDOWS, platformName: WINDOWS, platformVersion: 10.0, rotatable: false, setWindowRect: true, strictFileInteractability: false, timeouts: {implicit: 0, pageLoad: 300000, script: 30000}, unhandledPromptBehavior: dismiss and notify}
Session ID: 916d2e5f-89e4-4965-a991-7078821a9950
*** Element info: {Using=xpath, value=//a[@class=&apos;account&apos;]}" type="org.openqa.selenium.NoSuchElementException">org.openqa.selenium.NoSuchElementException: Unable to locate element: //a[@class=&apos;account&apos;]
For documentation on this error, please visit: https://www.seleniumhq.org/exceptions/no_such_element.html
Build info: version: &apos;3.141.59&apos;, revision: &apos;e82be7d358&apos;, time: &apos;2018-11-14T08:17:03&apos;
System info: host: &apos;LAPTOP-NBKR83UJ&apos;, ip: &apos;192.168.99.1&apos;, os.name: &apos;Windows 10&apos;, os.arch: &apos;amd64&apos;, os.version: &apos;10.0&apos;, java.version: &apos;1.8.0_191&apos;
Driver info: org.openqa.selenium.firefox.FirefoxDriver
Capabilities {acceptInsecureCerts: true, browserName: firefox, browserVersion: 69.0.2, javascriptEnabled: true, moz:accessibilityChecks: false, moz:buildID: 20191001234643, moz:geckodriverVersion: 0.25.0, moz:headless: false, moz:processID: 3888, moz:profile: C:\Users\prasad\AppData\Loc..., moz:shutdownTimeout: 60000, moz:useNonSpecCompliantPointerOrigin: false, moz:webdriverClick: true, pageLoadStrategy: normal, platform: WINDOWS, platformName: WINDOWS, platformVersion: 10.0, rotatable: false, setWindowRect: true, strictFileInteractability: false, timeouts: {implicit: 0, pageLoad: 300000, script: 30000}, unhandledPromptBehavior: dismiss and notify}
Session ID: 916d2e5f-89e4-4965-a991-7078821a9950
*** Element info: {Using=xpath, value=//a[@class=&apos;account&apos;]}
	at sun.reflect.NativeConstructorAccessorImpl.newInstance0(Native Method)
	at sun.reflect.NativeConstructorAccessorImpl.newInstance(NativeConstructorAccessorImpl.java:62)
	at sun.reflect.DelegatingConstructorAccessorImpl.newInstance(DelegatingConstructorAccessorImpl.java:45)
	at java.lang.reflect.Constructor.newInstance(Constructor.java:423)
	at org.openqa.selenium.remote.http.W3CHttpResponseCodec.createException(W3CHttpResponseCodec.java:187)
	at org.openqa.selenium.remote.http.W3CHttpResponseCodec.decode(W3CHttpResponseCodec.java:122)
	at org.openqa.selenium.remote.http.W3CHttpResponseCodec.decode(W3CHttpResponseCodec.java:49)
	at org.openqa.selenium.remote.HttpCommandExecutor.execute(HttpCommandExecutor.java:158)
	at org.openqa.selenium.remote.service.DriverCommandExecutor.execute(DriverCommandExecutor.java:83)
	at org.openqa.selenium.remote.RemoteWebDriver.execute(RemoteWebDriver.java:552)
	at org.openqa.selenium.remote.RemoteWebDriver.findElement(RemoteWebDriver.java:323)
	at org.openqa.selenium.remote.RemoteWebDriver.findElementByXPath(RemoteWebDriver.java:428)
	at org.openqa.selenium.By$ByXPath.findElement(By.java:353)
	at org.openqa.selenium.remote.RemoteWebDriver.findElement(RemoteWebDriver.java:315)
	at com.automationpractise.Assertions.userLoggedIn(Assertions.java:34)
	at com.automationpractise.PlaceOrder.userLogInToTheWebsite(PlaceOrder.java:31)
	at ✽.user log in to the website(file:src/test/resources/com.automationpractise/placeorder.feature:8)
</error>
    <system-out>Feature: Online Shopping
This feature has steps for online shopping of 2 items and placing an Order.

  @smoke
  Scenario: Add two items and place an order            # src/test/resources/com.automationpractise/placeorder.feature:5
User lands on Shopping website
    Given user is on Home page of &quot;Firefox&quot;             # PlaceOrder.userIsOnHomePage(String)
    When user enters username and password              # PlaceOrder.userEntersUsernameAndPassword()
Command completion takes more than the wait time for elementBy.xpath: //a[@class=&apos;account&apos;]
    Then user log in to the website                     # PlaceOrder.userLogInToTheWebsite()
      org.openqa.selenium.NoSuchElementException: Unable to locate element: //a[@class=&apos;account&apos;]
For documentation on this error, please visit: https://www.seleniumhq.org/exceptions/no_such_element.html
Build info: version: &apos;3.141.59&apos;, revision: &apos;e82be7d358&apos;, time: &apos;2018-11-14T08:17:03&apos;
System info: host: &apos;LAPTOP-NBKR83UJ&apos;, ip: &apos;192.168.99.1&apos;, os.name: &apos;Windows 10&apos;, os.arch: &apos;amd64&apos;, os.version: &apos;10.0&apos;, java.version: &apos;1.8.0_191&apos;
Driver info: org.openqa.selenium.firefox.FirefoxDriver
Capabilities {acceptInsecureCerts: true, browserName: firefox, browserVersion: 69.0.2, javascriptEnabled: true, moz:accessibilityChecks: false, moz:buildID: 20191001234643, moz:geckodriverVersion: 0.25.0, moz:headless: false, moz:processID: 3888, moz:profile: C:\Users\prasad\AppData\Loc..., moz:shutdownTimeout: 60000, moz:useNonSpecCompliantPointerOrigin: false, moz:webdriverClick: true, pageLoadStrategy: normal, platform: WINDOWS, platformName: WINDOWS, platformVersion: 10.0, rotatable: false, setWindowRect: true, strictFileInteractability: false, timeouts: {implicit: 0, pageLoad: 300000, script: 30000}, unhandledPromptBehavior: dismiss and notify}
Session ID: 916d2e5f-89e4-4965-a991-7078821a9950
*** Element info: {Using=xpath, value=//a[@class=&apos;account&apos;]}
	at sun.reflect.NativeConstructorAccessorImpl.newInstance0(Native Method)
	at sun.reflect.NativeConstructorAccessorImpl.newInstance(NativeConstructorAccessorImpl.java:62)
	at sun.reflect.DelegatingConstructorAccessorImpl.newInstance(DelegatingConstructorAccessorImpl.java:45)
	at java.lang.reflect.Constructor.newInstance(Constructor.java:423)
	at org.openqa.selenium.remote.http.W3CHttpResponseCodec.createException(W3CHttpResponseCodec.java:187)
	at org.openqa.selenium.remote.http.W3CHttpResponseCodec.decode(W3CHttpResponseCodec.java:122)
	at org.openqa.selenium.remote.http.W3CHttpResponseCodec.decode(W3CHttpResponseCodec.java:49)
	at org.openqa.selenium.remote.HttpCommandExecutor.execute(HttpCommandExecutor.java:158)
	at org.openqa.selenium.remote.service.DriverCommandExecutor.execute(DriverCommandExecutor.java:83)
	at org.openqa.selenium.remote.RemoteWebDriver.execute(RemoteWebDriver.java:552)
	at org.openqa.selenium.remote.RemoteWebDriver.findElement(RemoteWebDriver.java:323)
	at org.openqa.selenium.remote.RemoteWebDriver.findElementByXPath(RemoteWebDriver.java:428)
	at org.openqa.selenium.By$ByXPath.findElement(By.java:353)
	at org.openqa.selenium.remote.RemoteWebDriver.findElement(RemoteWebDriver.java:315)
	at com.automationpractise.Assertions.userLoggedIn(Assertions.java:34)
	at com.automationpractise.PlaceOrder.userLogInToTheWebsite(PlaceOrder.java:31)
	at ?.user log in to the website(file:src/test/resources/com.automationpractise/placeorder.feature:8)

    When user selects two items to add to shopping cart # PlaceOrder.userSelectsTwoItemsToAddToShoppingCart()
    Then items should be added to shopping cart         # PlaceOrder.itemsShouldBeAddedToShoppingCart()
    When user moves forward to checkout                 # PlaceOrder.userMovesForwardToCheckout()
    Then user should successfully place the order       # PlaceOrder.userShouldSuccessfullyPlaceTheOrder()
</system-out>
    <system-err>1570453030199	mozrunner::runner	INFO	Running command: &quot;C:\\Program Files\\Mozilla Firefox\\firefox.exe&quot; &quot;-marionette&quot; &quot;-foreground&quot; &quot;-no-remote&quot; &quot;-profile&quot; &quot;C:\\Users\\prasad\\AppData\\Local\\Temp\\rust_mozprofileG3MBOQ&quot;
1570453031450	addons.webextension.screenshots@mozilla.org	WARN	Loading extension &apos;screenshots@mozilla.org&apos;: Reading manifest: Invalid extension permission: mozillaAddons
1570453031451	addons.webextension.screenshots@mozilla.org	WARN	Loading extension &apos;screenshots@mozilla.org&apos;: Reading manifest: Invalid extension permission: telemetry
1570453031451	addons.webextension.screenshots@mozilla.org	WARN	Loading extension &apos;screenshots@mozilla.org&apos;: Reading manifest: Invalid extension permission: resource://pdf.js/
1570453031451	addons.webextension.screenshots@mozilla.org	WARN	Loading extension &apos;screenshots@mozilla.org&apos;: Reading manifest: Invalid extension permission: about:reader*
JavaScript error: resource://gre/modules/XULStore.jsm, line 66: Error: Can&apos;t find profile directory.
1570453036723	Marionette	INFO	Listening on port 63689
1570453036901	Marionette	WARN	TLS certificate errors will be ignored for this session
Oct 07, 2019 11:57:17 PM org.openqa.selenium.remote.ProtocolHandshake createSession
INFO: Detected dialect: W3C
</system-err>
  </testcase>
  <testcase classname="User creates new account on the website" name="SignIn Error for existing user" time="16.215">
    <failure message="expected:&lt;[An account using this email address has already been registered. Please enter a valid password or request a new one].&gt; but was:&lt;[Invalid email address].&gt;" type="org.junit.ComparisonFailure">org.junit.ComparisonFailure: expected:&lt;[An account using this email address has already been registered. Please enter a valid password or request a new one].&gt; but was:&lt;[Invalid email address].&gt;
	at org.junit.Assert.assertEquals(Assert.java:115)
	at org.junit.Assert.assertEquals(Assert.java:144)
	at com.automationpractise.Assertions.isExistingUser(Assertions.java:80)
	at com.automationpractise.UserSignUp.throwsErrorForExistingUserEmailID(UserSignUp.java:45)
	at ✽.throws error for existing user email ID(file:src/test/resources/com.automationpractise/usersignup.feature:17)
</failure>
    <system-out>
Feature: User creates new account on the website
  This feature is to signup new user.

  @smoke
  Scenario: SignIn Error for existing user         # src/test/resources/com.automationpractise/usersignup.feature:13
    Given User go to shopping website of &quot;Chrome&quot;  # UserSignUp.userGoToShoppingWebsite(String)
User lands on Shopping website
    Then User should land to shopping website      # UserSignUp.userShouldLandToShoppingWebsite()
    And navigates to Signup page to enter email ID # UserSignUp.navigatesToSignupPageToEnterEmailID()
    Then throws error for existing user email ID   # UserSignUp.throwsErrorForExistingUserEmailID()
      org.junit.ComparisonFailure: expected:&lt;[An account using this email address has already been registered. Please enter a valid password or request a new one].&gt; but was:&lt;[Invalid email address].&gt;
	at org.junit.Assert.assertEquals(Assert.java:115)
	at org.junit.Assert.assertEquals(Assert.java:144)
	at com.automationpractise.Assertions.isExistingUser(Assertions.java:80)
	at com.automationpractise.UserSignUp.throwsErrorForExistingUserEmailID(UserSignUp.java:45)
	at ?.throws error for existing user email ID(file:src/test/resources/com.automationpractise/usersignup.feature:17)

</system-out>
    <system-err>Starting ChromeDriver 77.0.3865.40 (f484704e052e0b556f8030b65b953dce96503217-refs/branch-heads/3865@{#442}) on port 35545
Only local connections are allowed.
Please protect ports used by ChromeDriver and related test frameworks to prevent access by malicious code.
Oct 07, 2019 11:58:08 PM org.openqa.selenium.remote.ProtocolHandshake createSession
INFO: Detected dialect: W3C
</system-err>
  </testcase>
</testsuite>